1 : input pdb SMILES : CC1=CC=CC(=C1)NC2=C3C(=NC=N2)C=C(C(=C3)OC)OC
; Script arguments : SM13_micro005.mol2 "15 0.664" "10 -0.492" "9 0.864"
[ atoms ]
; atomnr  atomtype   resnr  resname  atomname  chargegrp   charge       mass 

       1  opls_148      1      UNK        C1         31    -0.065   12.01100 ; CT # C: CH3, toluene
       2  opls_145      1      UNK        C2         31    -0.115   12.01100 ; CA # Benzene C - 12 site JACS,112,4768-90. Use #145B for biphenyl
       3  opls_145      1      UNK        C3         49    -0.115   12.01100 ; CA # Benzene C - 12 site JACS,112,4768-90. Use #145B for biphenyl
       4  opls_145      1      UNK        C4         51    -0.115   12.01100 ; CA # Benzene C - 12 site JACS,112,4768-90. Use #145B for biphenyl
       5  opls_145      1      UNK        C5         53    -0.115   12.01100 ; CA # Benzene C - 12 site JACS,112,4768-90. Use #145B for biphenyl
       6  opls_917      1      UNK        C6          1     0.200   12.01100 ; CA # C(NH2) N-methylaniline
       7  opls_145      1      UNK        C7         55    -0.115   12.01100 ; CA # Benzene C - 12 site JACS,112,4768-90. Use #145B for biphenyl
       8  opls_901      1      UNK        N8          1    -0.780   14.00670 ; NT # N secondary amines, aziridine N1 
       9  opls_532      1      UNK        C9         29     0.864   12.01100 ; CA # C4  in pyrimidine ### user-defined atom charge (0.864)
      10  opls_533      1      UNK       C10         29    -0.492   12.01100 ; CA # C5  in pyrimidine ### user-defined atom charge (-0.492)
      11  opls_145      1      UNK       C11         57    -0.115   12.01100 ; CA # Benzene C - 12 site JACS,112,4768-90. Use #145B for biphenyl
      12  opls_199      1      UNK       C12         15     0.085   12.01100 ; CA # C(O,Me): anisole
      13  opls_199      1      UNK       C13          3     0.085   12.01100 ; CA # C(O,Me): anisole
      14  opls_145      1      UNK       C14         59    -0.115   12.01100 ; CA # Benzene C - 12 site JACS,112,4768-90. Use #145B for biphenyl
      15  opls_532      1      UNK       C15         29     0.664   12.01100 ; CA # C4  in pyrimidine ### user-defined atom charge (0.664)
      16  opls_530      1      UNK       N16         29    -0.839   14.00670 ; NC # N   in pyrimidine
      17  opls_531      1      UNK       C17         27     0.874   12.01100 ; CQ # C2  in pyrimidine
      18  opls_530      1      UNK       N18         29    -0.839   14.00670 ; NC # N   in pyrimidine
      19  opls_179      1      UNK       O19          3    -0.285   15.99940 ; OS # O: anisole
      20  opls_181      1      UNK       C20          3     0.110   12.01100 ; CT # C(H3OR): methyl ether
      21  opls_179      1      UNK       O21         15    -0.285   15.99940 ; OS # O: anisole
      22  opls_181      1      UNK       C22         15     0.110   12.01100 ; CT # C(H3OR): methyl ether
      23  opls_140      1      UNK       H23         31     0.060    1.00800 ; HC # alkane H.
      24  opls_140      1      UNK       H24         31     0.060    1.00800 ; HC # alkane H.
      25  opls_140      1      UNK       H25         31     0.060    1.00800 ; HC # alkane H.
      26  opls_146      1      UNK       H26         49     0.115    1.00800 ; HA # Benzene H - 12 site.
      27  opls_146      1      UNK       H27         51     0.115    1.00800 ; HA # Benzene H - 12 site.
      28  opls_146      1      UNK       H28         53     0.115    1.00800 ; HA # Benzene H - 12 site.
      29  opls_146      1      UNK       H29         55     0.115    1.00800 ; HA # Benzene H - 12 site.
      30  opls_910      1      UNK       H30          1     0.380    1.00800 ; H # H(N)   secondary amines
      31  opls_146      1      UNK       H31         57     0.115    1.00800 ; HA # Benzene H - 12 site.
      32  opls_146      1      UNK       H32         59     0.115    1.00800 ; HA # Benzene H - 12 site.
      33  opls_534      1      UNK       H33         27    -0.032    1.00800 ; HA # H2  in pyrimidine
      34  opls_185      1      UNK       H34          3     0.030    1.00800 ; HC # H(COR): alpha H ether
      35  opls_185      1      UNK       H35          3     0.030    1.00800 ; HC # H(COR): alpha H ether
      36  opls_185      1      UNK       H36          3     0.030    1.00800 ; HC # H(COR): alpha H ether
      37  opls_185      1      UNK       H37         15     0.030    1.00800 ; HC # H(COR): alpha H ether
      38  opls_185      1      UNK       H38         15     0.030    1.00800 ; HC # H(COR): alpha H ether
      39  opls_185      1      UNK       H39         15     0.030    1.00800 ; HC # H(COR): alpha H ether
; Total charge : 0.000 ### Number of unassigned atoms : 0/39

Reordered .itp atoms ...
[ atoms ]
; atomnr  atomtype   resnr  resname  atomname  chargegrp   charge       mass
       1  opls_917      1      UNK        C6          1     0.200   12.01100 ; CA # C(NH2) N-methylaniline
       2  opls_901      1      UNK        N8          1    -0.780   14.00670 ; NT # N secondary amines, aziridine N1 
       3  opls_910      1      UNK       H30          1     0.380    1.00800 ; H # H(N)   secondary amines
       4  opls_199      1      UNK       C13          3     0.085   12.01100 ; CA # C(O,Me): anisole
       5  opls_179      1      UNK       O19          3    -0.285   15.99940 ; OS # O: anisole
       6  opls_181      1      UNK       C20          3     0.110   12.01100 ; CT # C(H3OR): methyl ether
       7  opls_185      1      UNK       H34          3     0.030    1.00800 ; HC # H(COR): alpha H ether
       8  opls_185      1      UNK       H35          3     0.030    1.00800 ; HC # H(COR): alpha H ether
       9  opls_185      1      UNK       H36          3     0.030    1.00800 ; HC # H(COR): alpha H ether
      10  opls_199      1      UNK       C12         15     0.085   12.01100 ; CA # C(O,Me): anisole
      11  opls_179      1      UNK       O21         15    -0.285   15.99940 ; OS # O: anisole
      12  opls_181      1      UNK       C22         15     0.110   12.01100 ; CT # C(H3OR): methyl ether
      13  opls_185      1      UNK       H37         15     0.030    1.00800 ; HC # H(COR): alpha H ether
      14  opls_185      1      UNK       H38         15     0.030    1.00800 ; HC # H(COR): alpha H ether
      15  opls_185      1      UNK       H39         15     0.030    1.00800 ; HC # H(COR): alpha H ether
      16  opls_531      1      UNK       C17         27     0.874   12.01100 ; CQ # C2  in pyrimidine
      17  opls_534      1      UNK       H33         27    -0.032    1.00800 ; HA # H2  in pyrimidine
      18  opls_532      1      UNK        C9         29     0.864   12.01100 ; CA # C4  in pyrimidine ### user-defined atom charge (0.864)
      19  opls_533      1      UNK       C10         29    -0.492   12.01100 ; CA # C5  in pyrimidine ### user-defined atom charge (-0.492)
      20  opls_532      1      UNK       C15         29     0.664   12.01100 ; CA # C4  in pyrimidine ### user-defined atom charge (0.664)
      21  opls_530      1      UNK       N16         29    -0.839   14.00670 ; NC # N   in pyrimidine
      22  opls_530      1      UNK       N18         29    -0.839   14.00670 ; NC # N   in pyrimidine
      23  opls_148      1      UNK        C1         31    -0.065   12.01100 ; CT # C: CH3, toluene
      24  opls_145      1      UNK        C2         31    -0.115   12.01100 ; CA # Benzene C - 12 site JACS,112,4768-90. Use #145B for biphenyl
      25  opls_140      1      UNK       H23         31     0.060    1.00800 ; HC # alkane H.
      26  opls_140      1      UNK       H24         31     0.060    1.00800 ; HC # alkane H.
      27  opls_140      1      UNK       H25         31     0.060    1.00800 ; HC # alkane H.
      28  opls_145      1      UNK        C3         49    -0.115   12.01100 ; CA # Benzene C - 12 site JACS,112,4768-90. Use #145B for biphenyl
      29  opls_146      1      UNK       H26         49     0.115    1.00800 ; HA # Benzene H - 12 site.
      30  opls_145      1      UNK        C4         51    -0.115   12.01100 ; CA # Benzene C - 12 site JACS,112,4768-90. Use #145B for biphenyl
      31  opls_146      1      UNK       H27         51     0.115    1.00800 ; HA # Benzene H - 12 site.
      32  opls_145      1      UNK        C5         53    -0.115   12.01100 ; CA # Benzene C - 12 site JACS,112,4768-90. Use #145B for biphenyl
      33  opls_146      1      UNK       H28         53     0.115    1.00800 ; HA # Benzene H - 12 site.
      34  opls_145      1      UNK        C7         55    -0.115   12.01100 ; CA # Benzene C - 12 site JACS,112,4768-90. Use #145B for biphenyl
      35  opls_146      1      UNK       H29         55     0.115    1.00800 ; HA # Benzene H - 12 site.
      36  opls_145      1      UNK       C11         57    -0.115   12.01100 ; CA # Benzene C - 12 site JACS,112,4768-90. Use #145B for biphenyl
      37  opls_146      1      UNK       H31         57     0.115    1.00800 ; HA # Benzene H - 12 site.
      38  opls_145      1      UNK       C14         59    -0.115   12.01100 ; CA # Benzene C - 12 site JACS,112,4768-90. Use #145B for biphenyl
      39  opls_146      1      UNK       H32         59     0.115    1.00800 ; HA # Benzene H - 12 site.
; Total charge : 0.000 ### Number of unassigned atoms : 0/39

Processing bonds ...
Processing angles ...
Processing proper dihedrals ...
Processing improper dihedrals ...
Processing pairs ...
Processing restraints ...
