1 : input pdb SMILES : CC2=CC1=C(C(=C([NH]=C1C=C2)O)CC(=O)[O])C3=CC=CC=C3
; Script arguments : SM08_micro008.mol2 "2 opls_145" "3 opls_145" "4 opls_145" "7 opls_145" "27 opls_146" "28 opls_146" "29 opls_146" "13 opls_167" "30 opls_168" "12 opls_289 0.090" "11 opls_520 0.170" "5 opls_145 0.230" "10 opls_145 0.380" "6 opls_145 -0.020" "9 opls_145 -0.240" "8 opls_145 0.320" "18 opls_147" "14 0.000"
[ atoms ]
; atomnr  atomtype   resnr  resname  atomname  chargegrp   charge       mass 

       1  opls_148      1      UNK        C1         11    -0.065   12.01100 ; CT # C: CH3, toluene
       2  opls_145      1      UNK        C2          9    -0.115   12.01100 ; CA # Benzene C - 12 site JACS,112,4768-90. Use #145B for biphenyl ### user-defined OPLS atom type (opls_145)
       3  opls_145      1      UNK        C3          4    -0.115   12.01100 ; CA # Benzene C - 12 site JACS,112,4768-90. Use #145B for biphenyl ### user-defined OPLS atom type (opls_145)
       4  opls_145      1      UNK        C4          5    -0.115   12.01100 ; CA # Benzene C - 12 site JACS,112,4768-90. Use #145B for biphenyl ### user-defined OPLS atom type (opls_145)
       5  opls_145      1      UNK        C5         10     0.230   12.01100 ; CA # Benzene C - 12 site JACS,112,4768-90. Use #145B for biphenyl ### user-defined OPLS atom type (opls_145) atom charge (0.230)
       6  opls_145      1      UNK        C6         10    -0.020   12.01100 ; CA # Benzene C - 12 site JACS,112,4768-90. Use #145B for biphenyl ### user-defined OPLS atom type (opls_145) atom charge (-0.020)
       7  opls_145      1      UNK        C7          3    -0.115   12.01100 ; CA # Benzene C - 12 site JACS,112,4768-90. Use #145B for biphenyl ### user-defined OPLS atom type (opls_145)
       8  opls_145      1      UNK        C8          8     0.320   12.01100 ; CA # Benzene C - 12 site JACS,112,4768-90. Use #145B for biphenyl ### user-defined OPLS atom type (opls_145) atom charge (0.320)
       9  opls_145      1      UNK        C9          7    -0.240   12.01100 ; CA # Benzene C - 12 site JACS,112,4768-90. Use #145B for biphenyl ### user-defined OPLS atom type (opls_145) atom charge (-0.240)
      10  opls_145      1      UNK       C10          6     0.380   12.01100 ; CA # Benzene C - 12 site JACS,112,4768-90. Use #145B for biphenyl ### user-defined OPLS atom type (opls_145) atom charge (0.380)
      11  opls_520      1      UNK       N11         10     0.170   14.00670 ; NC # N   in pyridine 6-31G* ### user-defined OPLS atom type (opls_520) atom charge (0.170)
      12  opls_289      1      UNK       H12         33     0.090    1.00800 ; H3 # H (NH4+)  JPC,90,2174 (1986)   ### user-defined OPLS atom type (opls_289) atom charge (0.090)
      13  opls_167      1      UNK       O13         33    -0.585   15.99940 ; OH # O     phenol  atom C, H 145 & 146 ### user-defined OPLS atom type (opls_167)
      14  opls_274      1      UNK       C14          1     0.000   12.01100 ; CT # C: CH2, carboxylate ion ### user-defined atom charge (0.000)
      15  opls_271      1      UNK       C15          1     0.700   12.01100 ; C_3 # C in COO- carboxylate
      16  opls_272      1      UNK       O16          1    -0.800   15.99940 ; O2 # O: O in COO- carboxylate,peptide terminus
      17  opls_272      1      UNK       O17          1    -0.800   15.99940 ; O2 # O: O in COO- carboxylate,peptide terminus
      18  opls_147      1      UNK       C18         33     0.000   12.01100 ; CA # Naphthalene fusion C (C9) ### user-defined OPLS atom type (opls_147)
      19  opls_145      1      UNK       C19         23    -0.115   12.01100 ; CA # Benzene C - 12 site JACS,112,4768-90. Use #145B for biphenyl
      20  opls_145      1      UNK       C20         25    -0.115   12.01100 ; CA # Benzene C - 12 site JACS,112,4768-90. Use #145B for biphenyl
      21  opls_145      1      UNK       C21         27    -0.115   12.01100 ; CA # Benzene C - 12 site JACS,112,4768-90. Use #145B for biphenyl
      22  opls_145      1      UNK       C22         29    -0.115   12.01100 ; CA # Benzene C - 12 site JACS,112,4768-90. Use #145B for biphenyl
      23  opls_145      1      UNK       C23         31    -0.115   12.01100 ; CA # Benzene C - 12 site JACS,112,4768-90. Use #145B for biphenyl
      24  opls_140      1      UNK       H24         11     0.060    1.00800 ; HC # alkane H.
      25  opls_140      1      UNK       H25         11     0.060    1.00800 ; HC # alkane H.
      26  opls_140      1      UNK       H26         11     0.060    1.00800 ; HC # alkane H.
      27  opls_146      1      UNK       H27          4     0.115    1.00800 ; HA # Benzene H - 12 site. ### user-defined OPLS atom type (opls_146)
      28  opls_146      1      UNK       H28          5     0.115    1.00800 ; HA # Benzene H - 12 site. ### user-defined OPLS atom type (opls_146)
      29  opls_146      1      UNK       H29          3     0.115    1.00800 ; HA # Benzene H - 12 site. ### user-defined OPLS atom type (opls_146)
      30  opls_168      1      UNK       H30         33     0.435    1.00800 ; HO # H     phenol   ### user-defined OPLS atom type (opls_168)
      31  opls_140      1      UNK       H31          1     0.060    1.00800 ; HC # alkane H.
      32  opls_140      1      UNK       H32          1     0.060    1.00800 ; HC # alkane H.
      33  opls_146      1      UNK       H33         23     0.115    1.00800 ; HA # Benzene H - 12 site.
      34  opls_146      1      UNK       H34         25     0.115    1.00800 ; HA # Benzene H - 12 site.
      35  opls_146      1      UNK       H35         27     0.115    1.00800 ; HA # Benzene H - 12 site.
      36  opls_146      1      UNK       H36         29     0.115    1.00800 ; HA # Benzene H - 12 site.
      37  opls_146      1      UNK       H37         31     0.115    1.00800 ; HA # Benzene H - 12 site.
; Total charge : 0.000 ### Number of unassigned atoms : 0/37

Reordered .itp atoms ...
[ atoms ]
; atomnr  atomtype   resnr  resname  atomname  chargegrp   charge       mass
       1  opls_274      1      UNK       C14          1     0.000   12.01100 ; CT # C: CH2, carboxylate ion ### user-defined atom charge (0.000)
       2  opls_271      1      UNK       C15          1     0.700   12.01100 ; C_3 # C in COO- carboxylate
       3  opls_272      1      UNK       O16          1    -0.800   15.99940 ; O2 # O: O in COO- carboxylate,peptide terminus
       4  opls_272      1      UNK       O17          1    -0.800   15.99940 ; O2 # O: O in COO- carboxylate,peptide terminus
       5  opls_140      1      UNK       H31          1     0.060    1.00800 ; HC # alkane H.
       6  opls_140      1      UNK       H32          1     0.060    1.00800 ; HC # alkane H.
       7  opls_145      1      UNK        C7          3    -0.115   12.01100 ; CA # Benzene C - 12 site JACS,112,4768-90. Use #145B for biphenyl ### user-defined OPLS atom type (opls_145)
       8  opls_146      1      UNK       H29          3     0.115    1.00800 ; HA # Benzene H - 12 site. ### user-defined OPLS atom type (opls_146)
       9  opls_145      1      UNK        C3          4    -0.115   12.01100 ; CA # Benzene C - 12 site JACS,112,4768-90. Use #145B for biphenyl ### user-defined OPLS atom type (opls_145)
      10  opls_146      1      UNK       H27          4     0.115    1.00800 ; HA # Benzene H - 12 site. ### user-defined OPLS atom type (opls_146)
      11  opls_145      1      UNK        C4          5    -0.115   12.01100 ; CA # Benzene C - 12 site JACS,112,4768-90. Use #145B for biphenyl ### user-defined OPLS atom type (opls_145)
      12  opls_146      1      UNK       H28          5     0.115    1.00800 ; HA # Benzene H - 12 site. ### user-defined OPLS atom type (opls_146)
      13  opls_145      1      UNK       C10          6     0.380   12.01100 ; CA # Benzene C - 12 site JACS,112,4768-90. Use #145B for biphenyl ### user-defined OPLS atom type (opls_145) atom charge (0.380)
      14  opls_145      1      UNK        C9          7    -0.240   12.01100 ; CA # Benzene C - 12 site JACS,112,4768-90. Use #145B for biphenyl ### user-defined OPLS atom type (opls_145) atom charge (-0.240)
      15  opls_145      1      UNK        C8          8     0.320   12.01100 ; CA # Benzene C - 12 site JACS,112,4768-90. Use #145B for biphenyl ### user-defined OPLS atom type (opls_145) atom charge (0.320)
      16  opls_145      1      UNK        C2          9    -0.115   12.01100 ; CA # Benzene C - 12 site JACS,112,4768-90. Use #145B for biphenyl ### user-defined OPLS atom type (opls_145)
      17  opls_145      1      UNK        C5         10     0.230   12.01100 ; CA # Benzene C - 12 site JACS,112,4768-90. Use #145B for biphenyl ### user-defined OPLS atom type (opls_145) atom charge (0.230)
      18  opls_145      1      UNK        C6         10    -0.020   12.01100 ; CA # Benzene C - 12 site JACS,112,4768-90. Use #145B for biphenyl ### user-defined OPLS atom type (opls_145) atom charge (-0.020)
      19  opls_520      1      UNK       N11         10     0.170   14.00670 ; NC # N   in pyridine 6-31G* ### user-defined OPLS atom type (opls_520) atom charge (0.170)
      20  opls_148      1      UNK        C1         11    -0.065   12.01100 ; CT # C: CH3, toluene
      21  opls_140      1      UNK       H24         11     0.060    1.00800 ; HC # alkane H.
      22  opls_140      1      UNK       H25         11     0.060    1.00800 ; HC # alkane H.
      23  opls_140      1      UNK       H26         11     0.060    1.00800 ; HC # alkane H.
      24  opls_145      1      UNK       C19         23    -0.115   12.01100 ; CA # Benzene C - 12 site JACS,112,4768-90. Use #145B for biphenyl
      25  opls_146      1      UNK       H33         23     0.115    1.00800 ; HA # Benzene H - 12 site.
      26  opls_145      1      UNK       C20         25    -0.115   12.01100 ; CA # Benzene C - 12 site JACS,112,4768-90. Use #145B for biphenyl
      27  opls_146      1      UNK       H34         25     0.115    1.00800 ; HA # Benzene H - 12 site.
      28  opls_145      1      UNK       C21         27    -0.115   12.01100 ; CA # Benzene C - 12 site JACS,112,4768-90. Use #145B for biphenyl
      29  opls_146      1      UNK       H35         27     0.115    1.00800 ; HA # Benzene H - 12 site.
      30  opls_145      1      UNK       C22         29    -0.115   12.01100 ; CA # Benzene C - 12 site JACS,112,4768-90. Use #145B for biphenyl
      31  opls_146      1      UNK       H36         29     0.115    1.00800 ; HA # Benzene H - 12 site.
      32  opls_145      1      UNK       C23         31    -0.115   12.01100 ; CA # Benzene C - 12 site JACS,112,4768-90. Use #145B for biphenyl
      33  opls_146      1      UNK       H37         31     0.115    1.00800 ; HA # Benzene H - 12 site.
      34  opls_289      1      UNK       H12         33     0.090    1.00800 ; H3 # H (NH4+)  JPC,90,2174 (1986)   ### user-defined OPLS atom type (opls_289) atom charge (0.090)
      35  opls_167      1      UNK       O13         33    -0.585   15.99940 ; OH # O     phenol  atom C, H 145 & 146 ### user-defined OPLS atom type (opls_167)
      36  opls_147      1      UNK       C18         33     0.000   12.01100 ; CA # Naphthalene fusion C (C9) ### user-defined OPLS atom type (opls_147)
      37  opls_168      1      UNK       H30         33     0.435    1.00800 ; HO # H     phenol   ### user-defined OPLS atom type (opls_168)
; Total charge : 0.000 ### Number of unassigned atoms : 0/37

Processing bonds ...
Processing angles ...
Processing proper dihedrals ...
Processing improper dihedrals ...
Processing pairs ...
Processing restraints ...
