1 : input pdb SMILES : COC1=CC=CC(=C1)NC2=C3C(=NC=N2)C=CC=C3
; Script arguments : SM09_micro003.mol2 "16 0.664" "11 -0.492" "10 0.864"
[ atoms ]
; atomnr  atomtype   resnr  resname  atomname  chargegrp   charge       mass 

       1  opls_181      1      UNK        C1          3     0.110   12.01100 ; CT # C(H3OR): methyl ether
       2  opls_179      1      UNK        O2          3    -0.285   15.99940 ; OS # O: anisole
       3  opls_199      1      UNK        C3          3     0.085   12.01100 ; CA # C(O,Me): anisole
       4  opls_145      1      UNK        C4         25    -0.115   12.01100 ; CA # Benzene C - 12 site JACS,112,4768-90. Use #145B for biphenyl
       5  opls_145      1      UNK        C5         27    -0.115   12.01100 ; CA # Benzene C - 12 site JACS,112,4768-90. Use #145B for biphenyl
       6  opls_145      1      UNK        C6         29    -0.115   12.01100 ; CA # Benzene C - 12 site JACS,112,4768-90. Use #145B for biphenyl
       7  opls_917      1      UNK        C7          1     0.200   12.01100 ; CA # C(NH2) N-methylaniline
       8  opls_145      1      UNK        C8         31    -0.115   12.01100 ; CA # Benzene C - 12 site JACS,112,4768-90. Use #145B for biphenyl
       9  opls_901      1      UNK        N9          1    -0.780   14.00670 ; NT # N secondary amines, aziridine N1 
      10  opls_532      1      UNK       C10         17     0.864   12.01100 ; CA # C4  in pyrimidine ### user-defined atom charge (0.864)
      11  opls_533      1      UNK       C11         17    -0.492   12.01100 ; CA # C5  in pyrimidine ### user-defined atom charge (-0.492)
      12  opls_145      1      UNK       C12         33    -0.115   12.01100 ; CA # Benzene C - 12 site JACS,112,4768-90. Use #145B for biphenyl
      13  opls_145      1      UNK       C13         35    -0.115   12.01100 ; CA # Benzene C - 12 site JACS,112,4768-90. Use #145B for biphenyl
      14  opls_145      1      UNK       C14         37    -0.115   12.01100 ; CA # Benzene C - 12 site JACS,112,4768-90. Use #145B for biphenyl
      15  opls_145      1      UNK       C15         39    -0.115   12.01100 ; CA # Benzene C - 12 site JACS,112,4768-90. Use #145B for biphenyl
      16  opls_532      1      UNK       C16         17     0.664   12.01100 ; CA # C4  in pyrimidine ### user-defined atom charge (0.664)
      17  opls_530      1      UNK       N17         17    -0.839   14.00670 ; NC # N   in pyrimidine
      18  opls_531      1      UNK       C18         15     0.874   12.01100 ; CQ # C2  in pyrimidine
      19  opls_530      1      UNK       N19         17    -0.839   14.00670 ; NC # N   in pyrimidine
      20  opls_185      1      UNK       H20          3     0.030    1.00800 ; HC # H(COR): alpha H ether
      21  opls_185      1      UNK       H21          3     0.030    1.00800 ; HC # H(COR): alpha H ether
      22  opls_185      1      UNK       H22          3     0.030    1.00800 ; HC # H(COR): alpha H ether
      23  opls_146      1      UNK       H23         25     0.115    1.00800 ; HA # Benzene H - 12 site.
      24  opls_146      1      UNK       H24         27     0.115    1.00800 ; HA # Benzene H - 12 site.
      25  opls_146      1      UNK       H25         29     0.115    1.00800 ; HA # Benzene H - 12 site.
      26  opls_146      1      UNK       H26         31     0.115    1.00800 ; HA # Benzene H - 12 site.
      27  opls_910      1      UNK       H27          1     0.380    1.00800 ; H # H(N)   secondary amines
      28  opls_146      1      UNK       H28         33     0.115    1.00800 ; HA # Benzene H - 12 site.
      29  opls_146      1      UNK       H29         35     0.115    1.00800 ; HA # Benzene H - 12 site.
      30  opls_146      1      UNK       H30         37     0.115    1.00800 ; HA # Benzene H - 12 site.
      31  opls_146      1      UNK       H31         39     0.115    1.00800 ; HA # Benzene H - 12 site.
      32  opls_534      1      UNK       H32         15    -0.032    1.00800 ; HA # H2  in pyrimidine
; Total charge : 0.000 ### Number of unassigned atoms : 0/32

Reordered .itp atoms ...
[ atoms ]
; atomnr  atomtype   resnr  resname  atomname  chargegrp   charge       mass
       1  opls_917      1      UNK        C7          1     0.200   12.01100 ; CA # C(NH2) N-methylaniline
       2  opls_901      1      UNK        N9          1    -0.780   14.00670 ; NT # N secondary amines, aziridine N1 
       3  opls_910      1      UNK       H27          1     0.380    1.00800 ; H # H(N)   secondary amines
       4  opls_181      1      UNK        C1          3     0.110   12.01100 ; CT # C(H3OR): methyl ether
       5  opls_179      1      UNK        O2          3    -0.285   15.99940 ; OS # O: anisole
       6  opls_199      1      UNK        C3          3     0.085   12.01100 ; CA # C(O,Me): anisole
       7  opls_185      1      UNK       H20          3     0.030    1.00800 ; HC # H(COR): alpha H ether
       8  opls_185      1      UNK       H21          3     0.030    1.00800 ; HC # H(COR): alpha H ether
       9  opls_185      1      UNK       H22          3     0.030    1.00800 ; HC # H(COR): alpha H ether
      10  opls_531      1      UNK       C18         15     0.874   12.01100 ; CQ # C2  in pyrimidine
      11  opls_534      1      UNK       H32         15    -0.032    1.00800 ; HA # H2  in pyrimidine
      12  opls_532      1      UNK       C10         17     0.864   12.01100 ; CA # C4  in pyrimidine ### user-defined atom charge (0.864)
      13  opls_533      1      UNK       C11         17    -0.492   12.01100 ; CA # C5  in pyrimidine ### user-defined atom charge (-0.492)
      14  opls_532      1      UNK       C16         17     0.664   12.01100 ; CA # C4  in pyrimidine ### user-defined atom charge (0.664)
      15  opls_530      1      UNK       N17         17    -0.839   14.00670 ; NC # N   in pyrimidine
      16  opls_530      1      UNK       N19         17    -0.839   14.00670 ; NC # N   in pyrimidine
      17  opls_145      1      UNK        C4         25    -0.115   12.01100 ; CA # Benzene C - 12 site JACS,112,4768-90. Use #145B for biphenyl
      18  opls_146      1      UNK       H23         25     0.115    1.00800 ; HA # Benzene H - 12 site.
      19  opls_145      1      UNK        C5         27    -0.115   12.01100 ; CA # Benzene C - 12 site JACS,112,4768-90. Use #145B for biphenyl
      20  opls_146      1      UNK       H24         27     0.115    1.00800 ; HA # Benzene H - 12 site.
      21  opls_145      1      UNK        C6         29    -0.115   12.01100 ; CA # Benzene C - 12 site JACS,112,4768-90. Use #145B for biphenyl
      22  opls_146      1      UNK       H25         29     0.115    1.00800 ; HA # Benzene H - 12 site.
      23  opls_145      1      UNK        C8         31    -0.115   12.01100 ; CA # Benzene C - 12 site JACS,112,4768-90. Use #145B for biphenyl
      24  opls_146      1      UNK       H26         31     0.115    1.00800 ; HA # Benzene H - 12 site.
      25  opls_145      1      UNK       C12         33    -0.115   12.01100 ; CA # Benzene C - 12 site JACS,112,4768-90. Use #145B for biphenyl
      26  opls_146      1      UNK       H28         33     0.115    1.00800 ; HA # Benzene H - 12 site.
      27  opls_145      1      UNK       C13         35    -0.115   12.01100 ; CA # Benzene C - 12 site JACS,112,4768-90. Use #145B for biphenyl
      28  opls_146      1      UNK       H29         35     0.115    1.00800 ; HA # Benzene H - 12 site.
      29  opls_145      1      UNK       C14         37    -0.115   12.01100 ; CA # Benzene C - 12 site JACS,112,4768-90. Use #145B for biphenyl
      30  opls_146      1      UNK       H30         37     0.115    1.00800 ; HA # Benzene H - 12 site.
      31  opls_145      1      UNK       C15         39    -0.115   12.01100 ; CA # Benzene C - 12 site JACS,112,4768-90. Use #145B for biphenyl
      32  opls_146      1      UNK       H31         39     0.115    1.00800 ; HA # Benzene H - 12 site.
; Total charge : 0.000 ### Number of unassigned atoms : 0/32

Processing bonds ...
Processing angles ...
Processing proper dihedrals ...
Processing improper dihedrals ...
Processing pairs ...
Processing restraints ...
