1 : input pdb SMILES : C2=CC=C1N=CN=C(C1=C2)NC3=CC=CC(=C3)Cl
; Script arguments : SM12_micro012.mol2 "4 0.664" "5 -0.492" "7 0.864"
[ atoms ]
; atomnr  atomtype   resnr  resname  atomname  chargegrp   charge       mass 

       1  opls_145      1      UNK        C1          9    -0.115   12.01100 ; CA # Benzene C - 12 site JACS,112,4768-90. Use #145B for biphenyl
       2  opls_145      1      UNK        C2         11    -0.115   12.01100 ; CA # Benzene C - 12 site JACS,112,4768-90. Use #145B for biphenyl
       3  opls_145      1      UNK        C3         13    -0.115   12.01100 ; CA # Benzene C - 12 site JACS,112,4768-90. Use #145B for biphenyl
       4  opls_532      1      UNK        C4          7     0.664   12.01100 ; CA # C4  in pyrimidine ### user-defined atom charge (0.664)
       5  opls_533      1      UNK        C5          7    -0.492   12.01100 ; CA # C5  in pyrimidine ### user-defined atom charge (-0.492)
       6  opls_145      1      UNK        C6         15    -0.115   12.01100 ; CA # Benzene C - 12 site JACS,112,4768-90. Use #145B for biphenyl
       7  opls_532      1      UNK        C7          7     0.864   12.01100 ; CA # C4  in pyrimidine ### user-defined atom charge (0.864)
       8  opls_530      1      UNK        N8          7    -0.839   14.00670 ; NC # N   in pyrimidine
       9  opls_531      1      UNK        C9          5     0.874   12.01100 ; CQ # C2  in pyrimidine
      10  opls_530      1      UNK       N10          7    -0.839   14.00670 ; NC # N   in pyrimidine
      11  opls_901      1      UNK       N11          1    -0.780   14.00670 ; NT # N secondary amines, aziridine N1 
      12  opls_917      1      UNK       C12          1     0.200   12.01100 ; CA # C(NH2) N-methylaniline
      13  opls_145      1      UNK       C13         17    -0.115   12.01100 ; CA # Benzene C - 12 site JACS,112,4768-90. Use #145B for biphenyl
      14  opls_145      1      UNK       C14         19    -0.115   12.01100 ; CA # Benzene C - 12 site JACS,112,4768-90. Use #145B for biphenyl
      15  opls_145      1      UNK       C15         21    -0.115   12.01100 ; CA # Benzene C - 12 site JACS,112,4768-90. Use #145B for biphenyl
      16  opls_263      1      UNK       C16          3     0.180   12.01100 ; CA # C(Cl)  chlorobenzene
      17  opls_145      1      UNK       C17         23    -0.115   12.01100 ; CA # Benzene C - 12 site JACS,112,4768-90. Use #145B for biphenyl
      18  opls_264      1      UNK      Cl18          3    -0.180   35.45300 ; Cl # Cl     chlorobenzene
      19  opls_146      1      UNK       H19          9     0.115    1.00800 ; HA # Benzene H - 12 site.
      20  opls_146      1      UNK       H20         11     0.115    1.00800 ; HA # Benzene H - 12 site.
      21  opls_146      1      UNK       H21         13     0.115    1.00800 ; HA # Benzene H - 12 site.
      22  opls_146      1      UNK       H22         15     0.115    1.00800 ; HA # Benzene H - 12 site.
      23  opls_534      1      UNK       H23          5    -0.032    1.00800 ; HA # H2  in pyrimidine
      24  opls_910      1      UNK       H24          1     0.380    1.00800 ; H # H(N)   secondary amines
      25  opls_146      1      UNK       H25         17     0.115    1.00800 ; HA # Benzene H - 12 site.
      26  opls_146      1      UNK       H26         19     0.115    1.00800 ; HA # Benzene H - 12 site.
      27  opls_146      1      UNK       H27         21     0.115    1.00800 ; HA # Benzene H - 12 site.
      28  opls_146      1      UNK       H28         23     0.115    1.00800 ; HA # Benzene H - 12 site.
; Total charge : -0.000 ### Number of unassigned atoms : 0/28

Reordered .itp atoms ...
[ atoms ]
; atomnr  atomtype   resnr  resname  atomname  chargegrp   charge       mass
       1  opls_901      1      UNK       N11          1    -0.780   14.00670 ; NT # N secondary amines, aziridine N1 
       2  opls_917      1      UNK       C12          1     0.200   12.01100 ; CA # C(NH2) N-methylaniline
       3  opls_910      1      UNK       H24          1     0.380    1.00800 ; H # H(N)   secondary amines
       4  opls_263      1      UNK       C16          3     0.180   12.01100 ; CA # C(Cl)  chlorobenzene
       5  opls_264      1      UNK      Cl18          3    -0.180   35.45300 ; Cl # Cl     chlorobenzene
       6  opls_531      1      UNK        C9          5     0.874   12.01100 ; CQ # C2  in pyrimidine
       7  opls_534      1      UNK       H23          5    -0.032    1.00800 ; HA # H2  in pyrimidine
       8  opls_532      1      UNK        C4          7     0.664   12.01100 ; CA # C4  in pyrimidine ### user-defined atom charge (0.664)
       9  opls_533      1      UNK        C5          7    -0.492   12.01100 ; CA # C5  in pyrimidine ### user-defined atom charge (-0.492)
      10  opls_532      1      UNK        C7          7     0.864   12.01100 ; CA # C4  in pyrimidine ### user-defined atom charge (0.864)
      11  opls_530      1      UNK        N8          7    -0.839   14.00670 ; NC # N   in pyrimidine
      12  opls_530      1      UNK       N10          7    -0.839   14.00670 ; NC # N   in pyrimidine
      13  opls_145      1      UNK        C1          9    -0.115   12.01100 ; CA # Benzene C - 12 site JACS,112,4768-90. Use #145B for biphenyl
      14  opls_146      1      UNK       H19          9     0.115    1.00800 ; HA # Benzene H - 12 site.
      15  opls_145      1      UNK        C2         11    -0.115   12.01100 ; CA # Benzene C - 12 site JACS,112,4768-90. Use #145B for biphenyl
      16  opls_146      1      UNK       H20         11     0.115    1.00800 ; HA # Benzene H - 12 site.
      17  opls_145      1      UNK        C3         13    -0.115   12.01100 ; CA # Benzene C - 12 site JACS,112,4768-90. Use #145B for biphenyl
      18  opls_146      1      UNK       H21         13     0.115    1.00800 ; HA # Benzene H - 12 site.
      19  opls_145      1      UNK        C6         15    -0.115   12.01100 ; CA # Benzene C - 12 site JACS,112,4768-90. Use #145B for biphenyl
      20  opls_146      1      UNK       H22         15     0.115    1.00800 ; HA # Benzene H - 12 site.
      21  opls_145      1      UNK       C13         17    -0.115   12.01100 ; CA # Benzene C - 12 site JACS,112,4768-90. Use #145B for biphenyl
      22  opls_146      1      UNK       H25         17     0.115    1.00800 ; HA # Benzene H - 12 site.
      23  opls_145      1      UNK       C14         19    -0.115   12.01100 ; CA # Benzene C - 12 site JACS,112,4768-90. Use #145B for biphenyl
      24  opls_146      1      UNK       H26         19     0.115    1.00800 ; HA # Benzene H - 12 site.
      25  opls_145      1      UNK       C15         21    -0.115   12.01100 ; CA # Benzene C - 12 site JACS,112,4768-90. Use #145B for biphenyl
      26  opls_146      1      UNK       H27         21     0.115    1.00800 ; HA # Benzene H - 12 site.
      27  opls_145      1      UNK       C17         23    -0.115   12.01100 ; CA # Benzene C - 12 site JACS,112,4768-90. Use #145B for biphenyl
      28  opls_146      1      UNK       H28         23     0.115    1.00800 ; HA # Benzene H - 12 site.
; Total charge : -0.000 ### Number of unassigned atoms : 0/28

Processing bonds ...
Processing angles ...
Processing proper dihedrals ...
Processing improper dihedrals ...
Processing pairs ...
Processing restraints ...
