1 : input pdb SMILES : C1=CC=C(C=C1)[N]2=C[N]C3=C2C=CC(=C3)N
; Script arguments : SM14_micro001.mol2 "4 opls_147" "7 0.035" "10 0.687" "11 -0.438" "22 opls_146 0.098"
[ atoms ]
; atomnr  atomtype   resnr  resname  atomname  chargegrp   charge       mass 

       1  opls_145      1      UNK        C1          6    -0.115   12.01100 ; CA # Benzene C - 12 site JACS,112,4768-90. Use #145B for biphenyl
       2  opls_145      1      UNK        C2          8    -0.115   12.01100 ; CA # Benzene C - 12 site JACS,112,4768-90. Use #145B for biphenyl
       3  opls_145      1      UNK        C3         10    -0.115   12.01100 ; CA # Benzene C - 12 site JACS,112,4768-90. Use #145B for biphenyl
       4  opls_147      1      UNK        C4         22     0.000   12.01100 ; CA # Naphthalene fusion C (C9) ### user-defined OPLS atom type (opls_147)
       5  opls_145      1      UNK        C5         12    -0.115   12.01100 ; CA # Benzene C - 12 site JACS,112,4768-90. Use #145B for biphenyl
       6  opls_145      1      UNK        C6         14    -0.115   12.01100 ; CA # Benzene C - 12 site JACS,112,4768-90. Use #145B for biphenyl
       7  opls_503      1      UNK        N7          5     0.035   14.00670 ; NA # ND in HID ### user-defined atom charge (0.035)
       8  opls_506      1      UNK        C8          5     0.182   12.01100 ; CR # CE1 in HID, HIE
       9  opls_511      1      UNK        N9          5    -0.564   14.00670 ; NB # NE in HID, ND in HIE
      10  opls_507      1      UNK       C10          5     0.687   12.01100 ; CV # CD2 in HID, CG in HIE ### user-defined atom charge (0.687)
      11  opls_508      1      UNK       C11          5    -0.438   12.01100 ; CW # CG in HID, CD2 in HIE ### user-defined atom charge (-0.438)
      12  opls_145      1      UNK       C12         16    -0.115   12.01100 ; CA # Benzene C - 12 site JACS,112,4768-90. Use #145B for biphenyl
      13  opls_145      1      UNK       C13         18    -0.115   12.01100 ; CA # Benzene C - 12 site JACS,112,4768-90. Use #145B for biphenyl
      14  opls_916      1      UNK       C14          1     0.180   12.01100 ; CA # opls_916 # Cipso(N=C) in N-aryl substituted imines
      15  opls_145      1      UNK       C15         20    -0.115   12.01100 ; CA # Benzene C - 12 site JACS,112,4768-90. Use #145B for biphenyl
      16  opls_900      1      UNK       N16          1    -0.900   14.00670 ; NT # N primary   amines
      17  opls_146      1      UNK       H17          6     0.115    1.00800 ; HA # Benzene H - 12 site.
      18  opls_146      1      UNK       H18          8     0.115    1.00800 ; HA # Benzene H - 12 site.
      19  opls_146      1      UNK       H19         10     0.115    1.00800 ; HA # Benzene H - 12 site.
      20  opls_146      1      UNK       H20         12     0.115    1.00800 ; HA # Benzene H - 12 site.
      21  opls_146      1      UNK       H21         14     0.115    1.00800 ; HA # Benzene H - 12 site.
      22  opls_146      1      UNK       H22         22     0.098    1.00800 ; HA # Benzene H - 12 site. ### user-defined OPLS atom type (opls_146) atom charge (0.098)
      23  opls_146      1      UNK       H23         16     0.115    1.00800 ; HA # Benzene H - 12 site.
      24  opls_146      1      UNK       H24         18     0.115    1.00800 ; HA # Benzene H - 12 site.
      25  opls_146      1      UNK       H25         20     0.115    1.00800 ; HA # Benzene H - 12 site.
      26  opls_909      1      UNK       H26          1     0.360    1.00800 ; H # H(N)   primary   amines
      27  opls_909      1      UNK       H27          1     0.360    1.00800 ; H # H(N)   primary   amines
; Total charge : 0.000 ### Number of unassigned atoms : 0/27

Reordered .itp atoms ...
[ atoms ]
; atomnr  atomtype   resnr  resname  atomname  chargegrp   charge       mass
       1  opls_916      1      UNK       C14          1     0.180   12.01100 ; CA # opls_916 # Cipso(N=C) in N-aryl substituted imines
       2  opls_900      1      UNK       N16          1    -0.900   14.00670 ; NT # N primary   amines
       3  opls_909      1      UNK       H26          1     0.360    1.00800 ; H # H(N)   primary   amines
       4  opls_909      1      UNK       H27          1     0.360    1.00800 ; H # H(N)   primary   amines
       5  opls_503      1      UNK        N7          5     0.035   14.00670 ; NA # ND in HID ### user-defined atom charge (0.035)
       6  opls_506      1      UNK        C8          5     0.182   12.01100 ; CR # CE1 in HID, HIE
       7  opls_511      1      UNK        N9          5    -0.564   14.00670 ; NB # NE in HID, ND in HIE
       8  opls_507      1      UNK       C10          5     0.687   12.01100 ; CV # CD2 in HID, CG in HIE ### user-defined atom charge (0.687)
       9  opls_508      1      UNK       C11          5    -0.438   12.01100 ; CW # CG in HID, CD2 in HIE ### user-defined atom charge (-0.438)
      10  opls_145      1      UNK        C1          6    -0.115   12.01100 ; CA # Benzene C - 12 site JACS,112,4768-90. Use #145B for biphenyl
      11  opls_146      1      UNK       H17          6     0.115    1.00800 ; HA # Benzene H - 12 site.
      12  opls_145      1      UNK        C2          8    -0.115   12.01100 ; CA # Benzene C - 12 site JACS,112,4768-90. Use #145B for biphenyl
      13  opls_146      1      UNK       H18          8     0.115    1.00800 ; HA # Benzene H - 12 site.
      14  opls_145      1      UNK        C3         10    -0.115   12.01100 ; CA # Benzene C - 12 site JACS,112,4768-90. Use #145B for biphenyl
      15  opls_146      1      UNK       H19         10     0.115    1.00800 ; HA # Benzene H - 12 site.
      16  opls_145      1      UNK        C5         12    -0.115   12.01100 ; CA # Benzene C - 12 site JACS,112,4768-90. Use #145B for biphenyl
      17  opls_146      1      UNK       H20         12     0.115    1.00800 ; HA # Benzene H - 12 site.
      18  opls_145      1      UNK        C6         14    -0.115   12.01100 ; CA # Benzene C - 12 site JACS,112,4768-90. Use #145B for biphenyl
      19  opls_146      1      UNK       H21         14     0.115    1.00800 ; HA # Benzene H - 12 site.
      20  opls_145      1      UNK       C12         16    -0.115   12.01100 ; CA # Benzene C - 12 site JACS,112,4768-90. Use #145B for biphenyl
      21  opls_146      1      UNK       H23         16     0.115    1.00800 ; HA # Benzene H - 12 site.
      22  opls_145      1      UNK       C13         18    -0.115   12.01100 ; CA # Benzene C - 12 site JACS,112,4768-90. Use #145B for biphenyl
      23  opls_146      1      UNK       H24         18     0.115    1.00800 ; HA # Benzene H - 12 site.
      24  opls_145      1      UNK       C15         20    -0.115   12.01100 ; CA # Benzene C - 12 site JACS,112,4768-90. Use #145B for biphenyl
      25  opls_146      1      UNK       H25         20     0.115    1.00800 ; HA # Benzene H - 12 site.
      26  opls_147      1      UNK        C4         22     0.000   12.01100 ; CA # Naphthalene fusion C (C9) ### user-defined OPLS atom type (opls_147)
      27  opls_146      1      UNK       H22         22     0.098    1.00800 ; HA # Benzene H - 12 site. ### user-defined OPLS atom type (opls_146) atom charge (0.098)
; Total charge : 0.000 ### Number of unassigned atoms : 0/27

Processing bonds ...
Processing angles ...
Processing proper dihedrals ...
Processing improper dihedrals ...
Processing pairs ...
Processing restraints ...
