1 : input pdb SMILES : C2=CC=C1N=CN=C(C1=C2)NC3=CC=CC(=C3)C(F)(F)F
; Script arguments : SM02_micro002.mol2 "4 0.664" "5 -0.492" "7 0.864"
[ atoms ]
; atomnr  atomtype   resnr  resname  atomname  chargegrp   charge       mass 

       1  opls_145      1      UNK        C1         31    -0.115   12.01100 ; CA # Benzene C - 12 site JACS,112,4768-90. Use #145B for biphenyl
       2  opls_145      1      UNK        C2         33    -0.115   12.01100 ; CA # Benzene C - 12 site JACS,112,4768-90. Use #145B for biphenyl
       3  opls_145      1      UNK        C3         35    -0.115   12.01100 ; CA # Benzene C - 12 site JACS,112,4768-90. Use #145B for biphenyl
       4  opls_532      1      UNK        C4         17     0.664   12.01100 ; CA # C4  in pyrimidine ### user-defined atom charge (0.664)
       5  opls_533      1      UNK        C5         17    -0.492   12.01100 ; CA # C5  in pyrimidine ### user-defined atom charge (-0.492)
       6  opls_145      1      UNK        C6         37    -0.115   12.01100 ; CA # Benzene C - 12 site JACS,112,4768-90. Use #145B for biphenyl
       7  opls_532      1      UNK        C7         17     0.864   12.01100 ; CA # C4  in pyrimidine ### user-defined atom charge (0.864)
       8  opls_530      1      UNK        N8         17    -0.839   14.00670 ; NC # N   in pyrimidine
       9  opls_531      1      UNK        C9         15     0.874   12.01100 ; CQ # C2  in pyrimidine
      10  opls_530      1      UNK       N10         17    -0.839   14.00670 ; NC # N   in pyrimidine
      11  opls_901      1      UNK       N11          1    -0.780   14.00670 ; NT # N secondary amines, aziridine N1 
      12  opls_917      1      UNK       C12          1     0.200   12.01100 ; CA # C(NH2) N-methylaniline
      13  opls_145      1      UNK       C13         39    -0.115   12.01100 ; CA # Benzene C - 12 site JACS,112,4768-90. Use #145B for biphenyl
      14  opls_145      1      UNK       C14         41    -0.115   12.01100 ; CA # Benzene C - 12 site JACS,112,4768-90. Use #145B for biphenyl
      15  opls_145      1      UNK       C15         43    -0.115   12.01100 ; CA # Benzene C - 12 site JACS,112,4768-90. Use #145B for biphenyl
      16  opls_724      1      UNK       C16          3     0.150   12.01100 ; CA # C(CF3) trifluoromethylbenzene
      17  opls_145      1      UNK       C17         45    -0.115   12.01100 ; CA # Benzene C - 12 site JACS,112,4768-90. Use #145B for biphenyl
      18  opls_725      1      UNK       C18          3     0.450   12.01100 ; CT # CF3   trifluoromethylbenzene
      19  opls_726      1      UNK       F19          3    -0.200   18.99840 ; F # F     trifluoromethylbenzene
      20  opls_726      1      UNK       F20          3    -0.200   18.99840 ; F # F     trifluoromethylbenzene
      21  opls_726      1      UNK       F21          3    -0.200   18.99840 ; F # F     trifluoromethylbenzene
      22  opls_146      1      UNK       H22         31     0.115    1.00800 ; HA # Benzene H - 12 site.
      23  opls_146      1      UNK       H23         33     0.115    1.00800 ; HA # Benzene H - 12 site.
      24  opls_146      1      UNK       H24         35     0.115    1.00800 ; HA # Benzene H - 12 site.
      25  opls_146      1      UNK       H25         37     0.115    1.00800 ; HA # Benzene H - 12 site.
      26  opls_534      1      UNK       H26         15    -0.032    1.00800 ; HA # H2  in pyrimidine
      27  opls_910      1      UNK       H27          1     0.380    1.00800 ; H # H(N)   secondary amines
      28  opls_146      1      UNK       H28         39     0.115    1.00800 ; HA # Benzene H - 12 site.
      29  opls_146      1      UNK       H29         41     0.115    1.00800 ; HA # Benzene H - 12 site.
      30  opls_146      1      UNK       H30         43     0.115    1.00800 ; HA # Benzene H - 12 site.
      31  opls_146      1      UNK       H31         45     0.115    1.00800 ; HA # Benzene H - 12 site.
; Total charge : -0.000 ### Number of unassigned atoms : 0/31

Reordered .itp atoms ...
[ atoms ]
; atomnr  atomtype   resnr  resname  atomname  chargegrp   charge       mass
       1  opls_901      1      UNK       N11          1    -0.780   14.00670 ; NT # N secondary amines, aziridine N1 
       2  opls_917      1      UNK       C12          1     0.200   12.01100 ; CA # C(NH2) N-methylaniline
       3  opls_910      1      UNK       H27          1     0.380    1.00800 ; H # H(N)   secondary amines
       4  opls_724      1      UNK       C16          3     0.150   12.01100 ; CA # C(CF3) trifluoromethylbenzene
       5  opls_725      1      UNK       C18          3     0.450   12.01100 ; CT # CF3   trifluoromethylbenzene
       6  opls_726      1      UNK       F19          3    -0.200   18.99840 ; F # F     trifluoromethylbenzene
       7  opls_726      1      UNK       F20          3    -0.200   18.99840 ; F # F     trifluoromethylbenzene
       8  opls_726      1      UNK       F21          3    -0.200   18.99840 ; F # F     trifluoromethylbenzene
       9  opls_531      1      UNK        C9         15     0.874   12.01100 ; CQ # C2  in pyrimidine
      10  opls_534      1      UNK       H26         15    -0.032    1.00800 ; HA # H2  in pyrimidine
      11  opls_532      1      UNK        C4         17     0.664   12.01100 ; CA # C4  in pyrimidine ### user-defined atom charge (0.664)
      12  opls_533      1      UNK        C5         17    -0.492   12.01100 ; CA # C5  in pyrimidine ### user-defined atom charge (-0.492)
      13  opls_532      1      UNK        C7         17     0.864   12.01100 ; CA # C4  in pyrimidine ### user-defined atom charge (0.864)
      14  opls_530      1      UNK        N8         17    -0.839   14.00670 ; NC # N   in pyrimidine
      15  opls_530      1      UNK       N10         17    -0.839   14.00670 ; NC # N   in pyrimidine
      16  opls_145      1      UNK        C1         31    -0.115   12.01100 ; CA # Benzene C - 12 site JACS,112,4768-90. Use #145B for biphenyl
      17  opls_146      1      UNK       H22         31     0.115    1.00800 ; HA # Benzene H - 12 site.
      18  opls_145      1      UNK        C2         33    -0.115   12.01100 ; CA # Benzene C - 12 site JACS,112,4768-90. Use #145B for biphenyl
      19  opls_146      1      UNK       H23         33     0.115    1.00800 ; HA # Benzene H - 12 site.
      20  opls_145      1      UNK        C3         35    -0.115   12.01100 ; CA # Benzene C - 12 site JACS,112,4768-90. Use #145B for biphenyl
      21  opls_146      1      UNK       H24         35     0.115    1.00800 ; HA # Benzene H - 12 site.
      22  opls_145      1      UNK        C6         37    -0.115   12.01100 ; CA # Benzene C - 12 site JACS,112,4768-90. Use #145B for biphenyl
      23  opls_146      1      UNK       H25         37     0.115    1.00800 ; HA # Benzene H - 12 site.
      24  opls_145      1      UNK       C13         39    -0.115   12.01100 ; CA # Benzene C - 12 site JACS,112,4768-90. Use #145B for biphenyl
      25  opls_146      1      UNK       H28         39     0.115    1.00800 ; HA # Benzene H - 12 site.
      26  opls_145      1      UNK       C14         41    -0.115   12.01100 ; CA # Benzene C - 12 site JACS,112,4768-90. Use #145B for biphenyl
      27  opls_146      1      UNK       H29         41     0.115    1.00800 ; HA # Benzene H - 12 site.
      28  opls_145      1      UNK       C15         43    -0.115   12.01100 ; CA # Benzene C - 12 site JACS,112,4768-90. Use #145B for biphenyl
      29  opls_146      1      UNK       H30         43     0.115    1.00800 ; HA # Benzene H - 12 site.
      30  opls_145      1      UNK       C17         45    -0.115   12.01100 ; CA # Benzene C - 12 site JACS,112,4768-90. Use #145B for biphenyl
      31  opls_146      1      UNK       H31         45     0.115    1.00800 ; HA # Benzene H - 12 site.
; Total charge : -0.000 ### Number of unassigned atoms : 0/31

Processing bonds ...
Processing angles ...
Processing proper dihedrals ...
Processing improper dihedrals ...
Processing pairs ...
Processing restraints ...
